2024-10-16T14:17:35.714+05:30  INFO 17196 --- [project-retail-store-springboot-hibernate] [restartedMain] etailStoreSpringbootHibernateApplication : Starting ProjectRetailStoreSpringbootHibernateApplication using Java 22.0.1 with PID 17196 (E:\Training\project-retail-store-springboot-hibernate\target\classes started by Aadesh in E:\Training\project-retail-store-springboot-hibernate)
2024-10-16T14:17:35.732+05:30  INFO 17196 --- [project-retail-store-springboot-hibernate] [restartedMain] etailStoreSpringbootHibernateApplication : No active profile set, falling back to 1 default profile: "default"
2024-10-16T14:17:56.352+05:30  INFO 8904 --- [project-retail-store-springboot-hibernate] [main] StoreSpringbootHibernateApplicationTests : Starting ProjectRetailStoreSpringbootHibernateApplicationTests using Java 22.0.1 with PID 8904 (started by Aadesh in E:\Training\project-retail-store-springboot-hibernate)
2024-10-16T14:17:56.353+05:30  INFO 8904 --- [project-retail-store-springboot-hibernate] [main] StoreSpringbootHibernateApplicationTests : No active profile set, falling back to 1 default profile: "default"
2024-10-16T14:17:57.397+05:30  INFO 8904 --- [project-retail-store-springboot-hibernate] [main] o.hibernate.jpa.internal.util.LogHelper  : HHH000204: Processing PersistenceUnitInfo [name: default]
2024-10-16T14:17:57.479+05:30  INFO 8904 --- [project-retail-store-springboot-hibernate] [main] org.hibernate.Version                    : HHH000412: Hibernate ORM core version 6.2.7.Final
2024-10-16T14:17:57.482+05:30  INFO 8904 --- [project-retail-store-springboot-hibernate] [main] org.hibernate.cfg.Environment            : HHH000406: Using bytecode reflection optimizer
2024-10-16T14:17:57.666+05:30  INFO 8904 --- [project-retail-store-springboot-hibernate] [main] o.h.b.i.BytecodeProviderInitiator        : HHH000021: Bytecode provider name : bytebuddy
2024-10-16T14:17:57.800+05:30  INFO 8904 --- [project-retail-store-springboot-hibernate] [main] o.s.o.j.p.SpringPersistenceUnitInfo      : No LoadTimeWeaver setup: ignoring JPA class transformer
2024-10-16T14:17:57.815+05:30  INFO 8904 --- [project-retail-store-springboot-hibernate] [main] com.zaxxer.hikari.HikariDataSource       : HikariPool-1 - Starting...
2024-10-16T14:17:58.205+05:30  INFO 8904 --- [project-retail-store-springboot-hibernate] [main] com.zaxxer.hikari.pool.HikariPool        : HikariPool-1 - Added connection com.mysql.cj.jdbc.ConnectionImpl@30afb481
2024-10-16T14:17:58.207+05:30  INFO 8904 --- [project-retail-store-springboot-hibernate] [main] com.zaxxer.hikari.HikariDataSource       : HikariPool-1 - Start completed.
2024-10-16T14:17:58.499+05:30  INFO 8904 --- [project-retail-store-springboot-hibernate] [main] o.h.b.i.BytecodeProviderInitiator        : HHH000021: Bytecode provider name : bytebuddy
2024-10-16T14:17:59.094+05:30  INFO 8904 --- [project-retail-store-springboot-hibernate] [main] o.h.e.t.j.p.i.JtaPlatformInitiator       : HHH000490: Using JtaPlatform implementation: [org.hibernate.engine.transaction.jta.platform.internal.NoJtaPlatform]
2024-10-16T14:17:59.147+05:30  INFO 8904 --- [project-retail-store-springboot-hibernate] [main] j.LocalContainerEntityManagerFactoryBean : Initialized JPA EntityManagerFactory for persistence unit 'default'
2024-10-16T14:17:59.362+05:30  WARN 8904 --- [project-retail-store-springboot-hibernate] [main] JpaBaseConfiguration$JpaWebConfiguration : spring.jpa.open-in-view is enabled by default. Therefore, database queries may be performed during view rendering. Explicitly configure spring.jpa.open-in-view to disable this warning
2024-10-16T14:17:59.799+05:30  INFO 8904 --- [project-retail-store-springboot-hibernate] [main] StoreSpringbootHibernateApplicationTests : Started ProjectRetailStoreSpringbootHibernateApplicationTests in 3.891 seconds (process running for 5.024)
2024-10-16T14:18:00.515+05:30  INFO 8904 --- [project-retail-store-springboot-hibernate] [SpringApplicationShutdownHook] j.LocalContainerEntityManagerFactoryBean : Closing JPA EntityManagerFactory for persistence unit 'default'
2024-10-16T14:18:00.517+05:30  INFO 8904 --- [project-retail-store-springboot-hibernate] [SpringApplicationShutdownHook] com.zaxxer.hikari.HikariDataSource       : HikariPool-1 - Shutdown initiated...
2024-10-16T14:18:00.525+05:30  INFO 8904 --- [project-retail-store-springboot-hibernate] [SpringApplicationShutdownHook] com.zaxxer.hikari.HikariDataSource       : HikariPool-1 - Shutdown completed.
2024-10-16T14:42:22.011+05:30  INFO 29144 --- [project-retail-store-springboot-hibernate] [main] StoreSpringbootHibernateApplicationTests : Starting ProjectRetailStoreSpringbootHibernateApplicationTests using Java 22.0.1 with PID 29144 (started by Aadesh in E:\Training\project-retail-store-springboot-hibernate)
2024-10-16T14:42:22.012+05:30  INFO 29144 --- [project-retail-store-springboot-hibernate] [main] StoreSpringbootHibernateApplicationTests : No active profile set, falling back to 1 default profile: "default"
2024-10-16T14:42:22.981+05:30  INFO 29144 --- [project-retail-store-springboot-hibernate] [main] o.hibernate.jpa.internal.util.LogHelper  : HHH000204: Processing PersistenceUnitInfo [name: default]
2024-10-16T14:42:23.041+05:30  INFO 29144 --- [project-retail-store-springboot-hibernate] [main] org.hibernate.Version                    : HHH000412: Hibernate ORM core version 6.2.7.Final
2024-10-16T14:42:23.045+05:30  INFO 29144 --- [project-retail-store-springboot-hibernate] [main] org.hibernate.cfg.Environment            : HHH000406: Using bytecode reflection optimizer
2024-10-16T14:42:23.192+05:30  INFO 29144 --- [project-retail-store-springboot-hibernate] [main] o.h.b.i.BytecodeProviderInitiator        : HHH000021: Bytecode provider name : bytebuddy
2024-10-16T14:42:23.297+05:30  INFO 29144 --- [project-retail-store-springboot-hibernate] [main] o.s.o.j.p.SpringPersistenceUnitInfo      : No LoadTimeWeaver setup: ignoring JPA class transformer
2024-10-16T14:42:23.311+05:30  INFO 29144 --- [project-retail-store-springboot-hibernate] [main] com.zaxxer.hikari.HikariDataSource       : HikariPool-1 - Starting...
2024-10-16T14:42:23.685+05:30  INFO 29144 --- [project-retail-store-springboot-hibernate] [main] com.zaxxer.hikari.pool.HikariPool        : HikariPool-1 - Added connection com.mysql.cj.jdbc.ConnectionImpl@5c573229
2024-10-16T14:42:23.687+05:30  INFO 29144 --- [project-retail-store-springboot-hibernate] [main] com.zaxxer.hikari.HikariDataSource       : HikariPool-1 - Start completed.
2024-10-16T14:42:23.953+05:30  INFO 29144 --- [project-retail-store-springboot-hibernate] [main] o.h.b.i.BytecodeProviderInitiator        : HHH000021: Bytecode provider name : bytebuddy
2024-10-16T14:42:24.493+05:30  INFO 29144 --- [project-retail-store-springboot-hibernate] [main] o.h.e.t.j.p.i.JtaPlatformInitiator       : HHH000490: Using JtaPlatform implementation: [org.hibernate.engine.transaction.jta.platform.internal.NoJtaPlatform]
2024-10-16T14:42:24.526+05:30  INFO 29144 --- [project-retail-store-springboot-hibernate] [main] j.LocalContainerEntityManagerFactoryBean : Initialized JPA EntityManagerFactory for persistence unit 'default'
2024-10-16T14:42:24.737+05:30  WARN 29144 --- [project-retail-store-springboot-hibernate] [main] JpaBaseConfiguration$JpaWebConfiguration : spring.jpa.open-in-view is enabled by default. Therefore, database queries may be performed during view rendering. Explicitly configure spring.jpa.open-in-view to disable this warning
2024-10-16T14:42:25.144+05:30  INFO 29144 --- [project-retail-store-springboot-hibernate] [main] StoreSpringbootHibernateApplicationTests : Started ProjectRetailStoreSpringbootHibernateApplicationTests in 3.542 seconds (process running for 4.552)
2024-10-16T14:42:25.811+05:30  INFO 29144 --- [project-retail-store-springboot-hibernate] [SpringApplicationShutdownHook] j.LocalContainerEntityManagerFactoryBean : Closing JPA EntityManagerFactory for persistence unit 'default'
2024-10-16T14:42:25.814+05:30  INFO 29144 --- [project-retail-store-springboot-hibernate] [SpringApplicationShutdownHook] com.zaxxer.hikari.HikariDataSource       : HikariPool-1 - Shutdown initiated...
2024-10-16T14:42:25.826+05:30  INFO 29144 --- [project-retail-store-springboot-hibernate] [SpringApplicationShutdownHook] com.zaxxer.hikari.HikariDataSource       : HikariPool-1 - Shutdown completed.
